#
# A fatal error has been detected by the Java Runtime Environment:
#
#  SIGSEGV (0xb) at pc=0x00007f514aee3fb2, pid=10212, tid=10233
#
# JRE version: Java(TM) SE Runtime Environment (9.0+11) (build 9.0.4+11)
# Java VM: Java HotSpot(TM) 64-Bit Server VM (9.0.4+11, mixed mode, tiered, compressed oops, g1 gc, linux-amd64)
# Problematic frame:
# C  [libjimage.so+0x3fb2]  ImageStrings::find(Endian*, char const*, int*, unsigned int)+0x42
#
# Core dump will be written. Default location: Core dumps may be processed with "/usr/lib/systemd/systemd-coredump %P %u %g %s %t %e" (or dumping to /home/pupil/git/FVisual/FVisual_Desktop/core.10212)
#
# If you would like to submit a bug report, please visit:
#   http://bugreport.java.com/bugreport/crash.jsp
#

---------------  S U M M A R Y ------------

Command Line: -agentlib:jdwp=transport=dt_socket,suspend=y,address=localhost:41379 -Dfile.encoding=UTF-8 app.Main

Host: Intel(R) Core(TM) i3-5005U CPU @ 2.00GHz, 4 cores, 7G, openSUSE 42.3 (x86_64)
Time: Fri Nov  8 08:08:36 2019 CET elapsed time: 4339 seconds (0d 1h 12m 19s)

---------------  T H R E A D  ---------------

Current thread (0x00007f5144163000):  JavaThread "Signal Dispatcher" daemon [_thread_in_vm, id=10233, stack(0x00007f51296cc000,0x00007f51297cd000)]

Stack: [0x00007f51296cc000,0x00007f51297cd000],  sp=0x00007f51297ca2c0,  free space=1016k
Native frames: (J=compiled Java code, A=aot compiled Java code, j=interpreted, Vv=VM code, C=native code)
C  [libjimage.so+0x3fb2]  ImageStrings::find(Endian*, char const*, int*, unsigned int)+0x42
C  [libjimage.so+0x4b8c]  ImageFileReader::find_location_index(char const*, unsigned long long*) const+0x3c
C  [libjimage.so+0x505a]  JIMAGE_FindResource+0xba
V  [libjvm.so+0x5aae8e]